<?xml version="1.0" encoding="UTF-8"?>
<!-- Generated by org.testng.reporters.JUnitReportReporter -->
<testsuite hostname="PC05" failures="0" tests="13" name="TestCases.LoginPageTest" time="2.704" errors="0" timestamp="2019-10-24T17:26:49 EDT" skipped="0">
  <testcase classname="TestCases.LoginPageTest" name="TitleTest" time="0.014"/>
  <testcase classname="TestCases.LoginPageTest" name="Test_Logo" time="0.181"/>
  <testcase classname="TestCases.LoginPageTest" name="Test_TopSignUp" time="0.185"/>
  <testcase classname="TestCases.LoginPageTest" name="Test_TopSignIn" time="0.165"/>
  <testcase classname="TestCases.LoginPageTest" name="Test_Welcome" time="0.173"/>
  <testcase classname="TestCases.LoginPageTest" name="Test_UserName" time="0.159"/>
  <testcase classname="TestCases.LoginPageTest" name="Test_Password" time="0.160"/>
  <testcase classname="TestCases.LoginPageTest" name="Test_LoginBtn" time="0.177"/>
  <testcase classname="TestCases.LoginPageTest" name="Test_RememberMe" time="0.146"/>
  <testcase classname="TestCases.LoginPageTest" name="Test_ForgotPWD" time="0.162"/>
  <testcase classname="TestCases.LoginPageTest" name="Test_NotMember" time="0.155"/>
  <testcase classname="TestCases.LoginPageTest" name="Test_SignUpBtn" time="0.146"/>
  <testcase classname="TestCases.LoginPageTest" name="Test_Login" time="0.881"/>
</testsuite> <!-- TestCases.LoginPageTest -->
