<?xml version="1.0" encoding="UTF-8"?>
<!-- Generated by org.testng.reporters.JUnitReportReporter -->
<testsuite hostname="PC05" failures="0" tests="13" name="TestCases.LoginPageTest" time="2.889" errors="0" timestamp="2019-10-24T17:08:51 EDT" skipped="0">
  <testcase classname="TestCases.LoginPageTest" name="TitleTest" time="0.027"/>
  <testcase classname="TestCases.LoginPageTest" name="Test_Logo" time="0.180"/>
  <testcase classname="TestCases.LoginPageTest" name="Test_TopSignUp" time="0.163"/>
  <testcase classname="TestCases.LoginPageTest" name="Test_TopSignIn" time="0.150"/>
  <testcase classname="TestCases.LoginPageTest" name="Test_Welcome" time="0.164"/>
  <testcase classname="TestCases.LoginPageTest" name="Test_UserName" time="0.164"/>
  <testcase classname="TestCases.LoginPageTest" name="Test_Password" time="0.166"/>
  <testcase classname="TestCases.LoginPageTest" name="Test_LoginBtn" time="0.175"/>
  <testcase classname="TestCases.LoginPageTest" name="Test_RememberMe" time="0.155"/>
  <testcase classname="TestCases.LoginPageTest" name="Test_ForgotPWD" time="0.156"/>
  <testcase classname="TestCases.LoginPageTest" name="Test_NotMember" time="0.167"/>
  <testcase classname="TestCases.LoginPageTest" name="Test_SignUpBtn" time="0.195"/>
  <testcase classname="TestCases.LoginPageTest" name="Test_Login" time="1.027"/>
</testsuite> <!-- TestCases.LoginPageTest -->
